0 verbose cli C:\Program Files\nodejs\node.exe C:\Program Files\nodejs\node_modules\npm\bin\npm-cli.js
1 info using npm@11.6.2
2 info using node@v24.12.0
3 silly config load:file:C:\Program Files\nodejs\node_modules\npm\npmrc
4 silly config load:file:F:\puja store\.npmrc
5 silly config load:file:C:\Users\santh\.npmrc
6 silly config load:file:C:\Users\santh\AppData\Roaming\npm\etc\npmrc
7 verbose title npm exec @nestjs/cli@11.0.14 new backend
8 verbose argv "exec" "--yes" "--cache" ".npm-cache-clean" "--" "@nestjs/cli@11.0.14" "new" "backend"
9 verbose logfile logs-max:10 dir:F:\puja store\.npm-cache-clean\_logs\2025-12-22T11_43_58_242Z-
10 verbose logfile F:\puja store\.npm-cache-clean\_logs\2025-12-22T11_43_58_242Z-debug-0.log
11 silly logfile done cleaning log files
12 silly packumentCache heap:2348810240 maxSize:587202560 maxEntrySize:293601280
13 http fetch GET 200 https://registry.npmjs.org/npm 272ms
14 http fetch GET 200 https://registry.npmjs.org/@nestjs%2fcli 268ms (cache miss)
15 silly packumentCache heap:2348810240 maxSize:587202560 maxEntrySize:293601280
16 verbose cwd F:\puja store
17 verbose os Windows_NT 10.0.26200
18 verbose node v24.12.0
19 verbose npm  v11.6.2
20 notice
20 notice New [33mminor[39m version of npm available! [33m11.6.2[39m -> [34m11.7.0[39m
20 notice Changelog: [34mhttps://github.com/npm/cli/releases/tag/v11.7.0[39m
20 notice To update run: [4mnpm install -g npm@11.7.0[24m
20 notice  { force: true, Symbol(proc-log.meta): true }
21 verbose exit 0
22 info ok
